{"/Users/jennychau/Development/green/stacksandqueues/SQ.js": {"path":"/Users/jennychau/Development/green/stacksandqueues/SQ.js","statementMap":{"0":{"start":{"line":3,"column":8},"end":{"line":3,"column":22}},"1":{"start":{"line":4,"column":8},"end":{"line":4,"column":26}},"2":{"start":{"line":5,"column":8},"end":{"line":5,"column":21}},"3":{"start":{"line":6,"column":8},"end":{"line":6,"column":22}},"4":{"start":{"line":10,"column":8},"end":{"line":15,"column":9}},"5":{"start":{"line":11,"column":12},"end":{"line":11,"column":35}},"6":{"start":{"line":13,"column":13},"end":{"line":15,"column":9}},"7":{"start":{"line":14,"column":12},"end":{"line":14,"column":35}},"8":{"start":{"line":17,"column":8},"end":{"line":17,"column":31}},"9":{"start":{"line":18,"column":8},"end":{"line":18,"column":19}},"10":{"start":{"line":22,"column":16},"end":{"line":22,"column":31}},"11":{"start":{"line":23,"column":8},"end":{"line":23,"column":19}},"12":{"start":{"line":24,"column":8},"end":{"line":26,"column":9}},"13":{"start":{"line":25,"column":12},"end":{"line":25,"column":27}},"14":{"start":{"line":30,"column":8},"end":{"line":30,"column":39}},"15":{"start":{"line":34,"column":8},"end":{"line":36,"column":31}},"16":{"start":{"line":35,"column":12},"end":{"line":35,"column":23}},"17":{"start":{"line":36,"column":17},"end":{"line":36,"column":29}},"18":{"start":{"line":40,"column":8},"end":{"line":42,"column":31}},"19":{"start":{"line":41,"column":12},"end":{"line":41,"column":23}},"20":{"start":{"line":42,"column":17},"end":{"line":42,"column":29}},"21":{"start":{"line":46,"column":8},"end":{"line":48,"column":28}},"22":{"start":{"line":47,"column":12},"end":{"line":47,"column":50}},"23":{"start":{"line":48,"column":16},"end":{"line":48,"column":27}},"24":{"start":{"line":52,"column":0},"end":{"line":58,"column":1}},"25":{"start":{"line":53,"column":15},"end":{"line":53,"column":31}},"26":{"start":{"line":54,"column":4},"end":{"line":56,"column":5}},"27":{"start":{"line":54,"column":15},"end":{"line":54,"column":16}},"28":{"start":{"line":55,"column":8},"end":{"line":55,"column":26}},"29":{"start":{"line":57,"column":4},"end":{"line":57,"column":13}},"30":{"start":{"line":60,"column":0},"end":{"line":60,"column":22}}},"fnMap":{"0":{"name":"(anonymous_0)","decl":{"start":{"line":2,"column":4},"end":{"line":2,"column":5}},"loc":{"start":{"line":2,"column":23},"end":{"line":7,"column":5}},"line":2},"1":{"name":"(anonymous_1)","decl":{"start":{"line":9,"column":4},"end":{"line":9,"column":5}},"loc":{"start":{"line":9,"column":18},"end":{"line":19,"column":5}},"line":9},"2":{"name":"(anonymous_2)","decl":{"start":{"line":21,"column":4},"end":{"line":21,"column":5}},"loc":{"start":{"line":21,"column":10},"end":{"line":27,"column":5}},"line":21},"3":{"name":"(anonymous_3)","decl":{"start":{"line":29,"column":4},"end":{"line":29,"column":5}},"loc":{"start":{"line":29,"column":11},"end":{"line":31,"column":5}},"line":29},"4":{"name":"(anonymous_4)","decl":{"start":{"line":33,"column":4},"end":{"line":33,"column":5}},"loc":{"start":{"line":33,"column":12},"end":{"line":37,"column":5}},"line":33},"5":{"name":"(anonymous_5)","decl":{"start":{"line":39,"column":4},"end":{"line":39,"column":5}},"loc":{"start":{"line":39,"column":11},"end":{"line":43,"column":5}},"line":39},"6":{"name":"(anonymous_6)","decl":{"start":{"line":45,"column":4},"end":{"line":45,"column":5}},"loc":{"start":{"line":45,"column":9},"end":{"line":49,"column":5}},"line":45},"7":{"name":"(anonymous_7)","decl":{"start":{"line":52,"column":19},"end":{"line":52,"column":20}},"loc":{"start":{"line":52,"column":39},"end":{"line":58,"column":1}},"line":52}},"branchMap":{"0":{"loc":{"start":{"line":10,"column":8},"end":{"line":15,"column":9}},"type":"if","locations":[{"start":{"line":10,"column":8},"end":{"line":15,"column":9}},{"start":{"line":13,"column":13},"end":{"line":15,"column":9}}],"line":10},"1":{"loc":{"start":{"line":13,"column":13},"end":{"line":15,"column":9}},"type":"if","locations":[{"start":{"line":13,"column":13},"end":{"line":15,"column":9}},{"start":{},"end":{}}],"line":13},"2":{"loc":{"start":{"line":24,"column":8},"end":{"line":26,"column":9}},"type":"if","locations":[{"start":{"line":24,"column":8},"end":{"line":26,"column":9}},{"start":{},"end":{}}],"line":24},"3":{"loc":{"start":{"line":34,"column":8},"end":{"line":36,"column":31}},"type":"if","locations":[{"start":{"line":34,"column":8},"end":{"line":36,"column":31}},{"start":{"line":36,"column":15},"end":{"line":36,"column":31}}],"line":34},"4":{"loc":{"start":{"line":40,"column":8},"end":{"line":42,"column":31}},"type":"if","locations":[{"start":{"line":40,"column":8},"end":{"line":42,"column":31}},{"start":{"line":42,"column":15},"end":{"line":42,"column":31}}],"line":40},"5":{"loc":{"start":{"line":46,"column":8},"end":{"line":48,"column":28}},"type":"if","locations":[{"start":{"line":46,"column":8},"end":{"line":48,"column":28}},{"start":{"line":48,"column":15},"end":{"line":48,"column":28}}],"line":46}},"s":{"0":3,"1":3,"2":3,"3":3,"4":12,"5":2,"6":10,"7":2,"8":12,"9":12,"10":1,"11":1,"12":1,"13":1,"14":0,"15":0,"16":0,"17":0,"18":0,"19":0,"20":0,"21":3,"22":2,"23":1,"24":1,"25":2,"26":2,"27":2,"28":12,"29":2,"30":1},"f":{"0":3,"1":12,"2":1,"3":0,"4":0,"5":0,"6":3,"7":2},"b":{"0":[2,10],"1":[2,8],"2":[1,0],"3":[0,0],"4":[0,0],"5":[2,1]},"_coverageSchema":"1a1c01bbd47fc00a2c39e90264f33305004495a9","hash":"9bdd543ba1efb6bbe945ebf640316514cfd3ba82"}
}
