TN:
SF:SQ.js
FN:2,(anonymous_0)
FN:9,(anonymous_1)
FN:21,(anonymous_2)
FN:29,(anonymous_3)
FN:33,(anonymous_4)
FN:39,(anonymous_5)
FN:45,(anonymous_6)
FN:52,(anonymous_7)
FNF:8
FNH:5
FNDA:3,(anonymous_0)
FNDA:12,(anonymous_1)
FNDA:1,(anonymous_2)
FNDA:0,(anonymous_3)
FNDA:0,(anonymous_4)
FNDA:0,(anonymous_5)
FNDA:3,(anonymous_6)
FNDA:2,(anonymous_7)
DA:3,3
DA:4,3
DA:5,3
DA:6,3
DA:10,12
DA:11,2
DA:13,10
DA:14,2
DA:17,12
DA:18,12
DA:22,1
DA:23,1
DA:24,1
DA:25,1
DA:30,0
DA:34,0
DA:35,0
DA:36,0
DA:40,0
DA:41,0
DA:42,0
DA:46,3
DA:47,2
DA:48,1
DA:52,1
DA:53,2
DA:54,2
DA:55,12
DA:57,2
DA:60,1
LF:30
LH:23
BRDA:10,0,0,2
BRDA:10,0,1,10
BRDA:13,1,0,2
BRDA:13,1,1,8
BRDA:24,2,0,1
BRDA:24,2,1,0
BRDA:34,3,0,0
BRDA:34,3,1,0
BRDA:40,4,0,0
BRDA:40,4,1,0
BRDA:46,5,0,2
BRDA:46,5,1,1
BRF:12
BRH:7
end_of_record
