<?xml version="1.0" encoding="UTF-8"?>
<coverage generated="1647981404384" clover="3.2.0">
  <project timestamp="1647981404384" name="All files">
    <metrics statements="44" coveredstatements="38" conditionals="14" coveredconditionals="14" methods="10" coveredmethods="9" elements="68" coveredelements="61" complexity="0" loc="44" ncloc="44" packages="1" files="1" classes="1"/>
    <file name="LinkedList.js" path="/Users/jennychau/Development/green/linkedlists/LinkedList.js">
      <metrics statements="44" coveredstatements="38" conditionals="14" coveredconditionals="14" methods="10" coveredmethods="9"/>
      <line num="3" count="15" type="stmt"/>
      <line num="4" count="15" type="stmt"/>
      <line num="8" count="44" type="stmt"/>
      <line num="9" count="44" type="stmt"/>
      <line num="10" count="44" type="stmt"/>
      <line num="14" count="12" type="cond" truecount="4" falsecount="0"/>
      <line num="16" count="6" type="stmt"/>
      <line num="17" count="6" type="stmt"/>
      <line num="18" count="7" type="stmt"/>
      <line num="20" count="6" type="stmt"/>
      <line num="24" count="4" type="cond" truecount="2" falsecount="0"/>
      <line num="26" count="3" type="stmt"/>
      <line num="27" count="3" type="cond" truecount="2" falsecount="0"/>
      <line num="29" count="1" type="stmt"/>
      <line num="30" count="1" type="stmt"/>
      <line num="34" count="2" type="stmt"/>
      <line num="35" count="2" type="stmt"/>
      <line num="39" count="4" type="cond" truecount="2" falsecount="0"/>
      <line num="41" count="3" type="stmt"/>
      <line num="42" count="3" type="cond" truecount="2" falsecount="0"/>
      <line num="44" count="1" type="stmt"/>
      <line num="45" count="1" type="stmt"/>
      <line num="49" count="1" type="stmt"/>
      <line num="50" count="1" type="stmt"/>
      <line num="51" count="5" type="stmt"/>
      <line num="52" count="5" type="stmt"/>
      <line num="53" count="18" type="cond" truecount="2" falsecount="0"/>
      <line num="54" count="2" type="stmt"/>
      <line num="56" count="16" type="stmt"/>
      <line num="59" count="5" type="stmt"/>
      <line num="65" count="0" type="stmt"/>
      <line num="66" count="0" type="stmt"/>
      <line num="67" count="0" type="stmt"/>
      <line num="68" count="0" type="stmt"/>
      <line num="69" count="0" type="stmt"/>
      <line num="71" count="0" type="stmt"/>
      <line num="78" count="45" type="stmt"/>
      <line num="79" count="45" type="stmt"/>
      <line num="84" count="1" type="stmt"/>
      <line num="85" count="14" type="stmt"/>
      <line num="86" count="14" type="stmt"/>
      <line num="87" count="41" type="stmt"/>
      <line num="89" count="14" type="stmt"/>
      <line num="92" count="1" type="stmt"/>
    </file>
  </project>
</coverage>
