{"/Users/jennychau/Development/green/linkedlists/LinkedList.js": {"path":"/Users/jennychau/Development/green/linkedlists/LinkedList.js","statementMap":{"0":{"start":{"line":3,"column":8},"end":{"line":3,"column":24}},"1":{"start":{"line":4,"column":8},"end":{"line":4,"column":23}},"2":{"start":{"line":8,"column":24},"end":{"line":8,"column":59}},"3":{"start":{"line":9,"column":8},"end":{"line":9,"column":27}},"4":{"start":{"line":10,"column":8},"end":{"line":10,"column":21}},"5":{"start":{"line":14,"column":8},"end":{"line":14,"column":58}},"6":{"start":{"line":14,"column":47},"end":{"line":14,"column":58}},"7":{"start":{"line":16,"column":22},"end":{"line":16,"column":31}},"8":{"start":{"line":17,"column":8},"end":{"line":19,"column":9}},"9":{"start":{"line":17,"column":21},"end":{"line":17,"column":22}},"10":{"start":{"line":18,"column":12},"end":{"line":18,"column":34}},"11":{"start":{"line":20,"column":8},"end":{"line":20,"column":22}},"12":{"start":{"line":24,"column":8},"end":{"line":24,"column":56}},"13":{"start":{"line":24,"column":25},"end":{"line":24,"column":56}},"14":{"start":{"line":26,"column":21},"end":{"line":26,"column":47}},"15":{"start":{"line":27,"column":8},"end":{"line":27,"column":37}},"16":{"start":{"line":27,"column":26},"end":{"line":27,"column":37}},"17":{"start":{"line":29,"column":8},"end":{"line":29,"column":56}},"18":{"start":{"line":30,"column":8},"end":{"line":30,"column":21}},"19":{"start":{"line":34,"column":8},"end":{"line":34,"column":34}},"20":{"start":{"line":35,"column":8},"end":{"line":35,"column":21}},"21":{"start":{"line":39,"column":8},"end":{"line":39,"column":49}},"22":{"start":{"line":39,"column":25},"end":{"line":39,"column":49}},"23":{"start":{"line":41,"column":21},"end":{"line":41,"column":47}},"24":{"start":{"line":42,"column":8},"end":{"line":42,"column":37}},"25":{"start":{"line":42,"column":26},"end":{"line":42,"column":37}},"26":{"start":{"line":44,"column":8},"end":{"line":44,"column":34}},"27":{"start":{"line":45,"column":8},"end":{"line":45,"column":21}},"28":{"start":{"line":49,"column":22},"end":{"line":49,"column":31}},"29":{"start":{"line":50,"column":8},"end":{"line":61,"column":9}},"30":{"start":{"line":51,"column":25},"end":{"line":51,"column":32}},"31":{"start":{"line":52,"column":12},"end":{"line":59,"column":13}},"32":{"start":{"line":53,"column":16},"end":{"line":58,"column":17}},"33":{"start":{"line":54,"column":20},"end":{"line":54,"column":51}},"34":{"start":{"line":55,"column":20},"end":{"line":55,"column":33}},"35":{"start":{"line":57,"column":20},"end":{"line":57,"column":41}},"36":{"start":{"line":60,"column":12},"end":{"line":60,"column":35}},"37":{"start":{"line":62,"column":8},"end":{"line":62,"column":19}},"38":{"start":{"line":78,"column":8},"end":{"line":78,"column":30}},"39":{"start":{"line":78,"column":19},"end":{"line":78,"column":30}},"40":{"start":{"line":80,"column":17},"end":{"line":80,"column":26}},"41":{"start":{"line":81,"column":17},"end":{"line":81,"column":26}},"42":{"start":{"line":83,"column":8},"end":{"line":88,"column":9}},"43":{"start":{"line":83,"column":21},"end":{"line":83,"column":22}},"44":{"start":{"line":84,"column":12},"end":{"line":86,"column":13}},"45":{"start":{"line":85,"column":16},"end":{"line":85,"column":28}},"46":{"start":{"line":87,"column":12},"end":{"line":87,"column":25}},"47":{"start":{"line":90,"column":8},"end":{"line":93,"column":9}},"48":{"start":{"line":91,"column":12},"end":{"line":91,"column":25}},"49":{"start":{"line":92,"column":12},"end":{"line":92,"column":25}},"50":{"start":{"line":95,"column":8},"end":{"line":95,"column":23}},"51":{"start":{"line":99,"column":30},"end":{"line":99,"column":41}},"52":{"start":{"line":100,"column":22},"end":{"line":100,"column":31}},"53":{"start":{"line":101,"column":8},"end":{"line":101,"column":51}},"54":{"start":{"line":101,"column":40},"end":{"line":101,"column":51}},"55":{"start":{"line":102,"column":8},"end":{"line":108,"column":9}},"56":{"start":{"line":103,"column":12},"end":{"line":106,"column":13}},"57":{"start":{"line":104,"column":16},"end":{"line":104,"column":48}},"58":{"start":{"line":105,"column":16},"end":{"line":105,"column":29}},"59":{"start":{"line":107,"column":12},"end":{"line":107,"column":34}},"60":{"start":{"line":109,"column":8},"end":{"line":109,"column":56}},"61":{"start":{"line":109,"column":45},"end":{"line":109,"column":56}},"62":{"start":{"line":113,"column":8},"end":{"line":115,"column":9}},"63":{"start":{"line":114,"column":12},"end":{"line":114,"column":23}},"64":{"start":{"line":116,"column":28},"end":{"line":116,"column":46}},"65":{"start":{"line":117,"column":8},"end":{"line":117,"column":37}},"66":{"start":{"line":118,"column":8},"end":{"line":118,"column":40}},"67":{"start":{"line":122,"column":22},"end":{"line":122,"column":31}},"68":{"start":{"line":123,"column":8},"end":{"line":134,"column":9}},"69":{"start":{"line":124,"column":12},"end":{"line":131,"column":13}},"70":{"start":{"line":125,"column":31},"end":{"line":125,"column":43}},"71":{"start":{"line":126,"column":30},"end":{"line":126,"column":47}},"72":{"start":{"line":127,"column":16},"end":{"line":127,"column":38}},"73":{"start":{"line":128,"column":30},"end":{"line":128,"column":39}},"74":{"start":{"line":129,"column":16},"end":{"line":129,"column":36}},"75":{"start":{"line":130,"column":16},"end":{"line":130,"column":40}},"76":{"start":{"line":133,"column":12},"end":{"line":133,"column":34}},"77":{"start":{"line":140,"column":21},"end":{"line":140,"column":23}},"78":{"start":{"line":141,"column":22},"end":{"line":141,"column":31}},"79":{"start":{"line":142,"column":8},"end":{"line":145,"column":9}},"80":{"start":{"line":143,"column":12},"end":{"line":143,"column":52}},"81":{"start":{"line":144,"column":12},"end":{"line":144,"column":34}},"82":{"start":{"line":146,"column":8},"end":{"line":146,"column":36}},"83":{"start":{"line":153,"column":8},"end":{"line":153,"column":26}},"84":{"start":{"line":154,"column":8},"end":{"line":154,"column":24}},"85":{"start":{"line":159,"column":0},"end":{"line":165,"column":1}},"86":{"start":{"line":160,"column":15},"end":{"line":160,"column":31}},"87":{"start":{"line":161,"column":4},"end":{"line":163,"column":5}},"88":{"start":{"line":161,"column":17},"end":{"line":161,"column":34}},"89":{"start":{"line":162,"column":8},"end":{"line":162,"column":34}},"90":{"start":{"line":164,"column":4},"end":{"line":164,"column":13}},"91":{"start":{"line":167,"column":0},"end":{"line":167,"column":27}}},"fnMap":{"0":{"name":"(anonymous_0)","decl":{"start":{"line":2,"column":4},"end":{"line":2,"column":5}},"loc":{"start":{"line":2,"column":18},"end":{"line":5,"column":5}},"line":2},"1":{"name":"(anonymous_1)","decl":{"start":{"line":7,"column":4},"end":{"line":7,"column":5}},"loc":{"start":{"line":7,"column":23},"end":{"line":11,"column":5}},"line":7},"2":{"name":"(anonymous_2)","decl":{"start":{"line":13,"column":4},"end":{"line":13,"column":5}},"loc":{"start":{"line":13,"column":22},"end":{"line":21,"column":5}},"line":13},"3":{"name":"(anonymous_3)","decl":{"start":{"line":23,"column":4},"end":{"line":23,"column":5}},"loc":{"start":{"line":23,"column":32},"end":{"line":31,"column":5}},"line":23},"4":{"name":"(anonymous_4)","decl":{"start":{"line":33,"column":4},"end":{"line":33,"column":5}},"loc":{"start":{"line":33,"column":17},"end":{"line":36,"column":5}},"line":33},"5":{"name":"(anonymous_5)","decl":{"start":{"line":38,"column":4},"end":{"line":38,"column":5}},"loc":{"start":{"line":38,"column":25},"end":{"line":46,"column":5}},"line":38},"6":{"name":"(anonymous_6)","decl":{"start":{"line":48,"column":4},"end":{"line":48,"column":5}},"loc":{"start":{"line":48,"column":18},"end":{"line":63,"column":5}},"line":48},"7":{"name":"(anonymous_7)","decl":{"start":{"line":76,"column":4},"end":{"line":76,"column":5}},"loc":{"start":{"line":76,"column":15},"end":{"line":96,"column":5}},"line":76},"8":{"name":"(anonymous_8)","decl":{"start":{"line":98,"column":4},"end":{"line":98,"column":5}},"loc":{"start":{"line":98,"column":27},"end":{"line":110,"column":5}},"line":98},"9":{"name":"(anonymous_9)","decl":{"start":{"line":112,"column":4},"end":{"line":112,"column":5}},"loc":{"start":{"line":112,"column":26},"end":{"line":119,"column":5}},"line":112},"10":{"name":"(anonymous_10)","decl":{"start":{"line":121,"column":4},"end":{"line":121,"column":5}},"loc":{"start":{"line":121,"column":21},"end":{"line":136,"column":5}},"line":121},"11":{"name":"(anonymous_11)","decl":{"start":{"line":139,"column":4},"end":{"line":139,"column":5}},"loc":{"start":{"line":139,"column":12},"end":{"line":147,"column":5}},"line":139},"12":{"name":"(anonymous_12)","decl":{"start":{"line":152,"column":4},"end":{"line":152,"column":5}},"loc":{"start":{"line":152,"column":36},"end":{"line":155,"column":5}},"line":152},"13":{"name":"(anonymous_13)","decl":{"start":{"line":159,"column":24},"end":{"line":159,"column":25}},"loc":{"start":{"line":159,"column":45},"end":{"line":165,"column":1}},"line":159}},"branchMap":{"0":{"loc":{"start":{"line":14,"column":8},"end":{"line":14,"column":58}},"type":"if","locations":[{"start":{"line":14,"column":8},"end":{"line":14,"column":58}},{"start":{},"end":{}}],"line":14},"1":{"loc":{"start":{"line":14,"column":12},"end":{"line":14,"column":45}},"type":"binary-expr","locations":[{"start":{"line":14,"column":12},"end":{"line":14,"column":21}},{"start":{"line":14,"column":25},"end":{"line":14,"column":45}}],"line":14},"2":{"loc":{"start":{"line":24,"column":8},"end":{"line":24,"column":56}},"type":"if","locations":[{"start":{"line":24,"column":8},"end":{"line":24,"column":56}},{"start":{},"end":{}}],"line":24},"3":{"loc":{"start":{"line":27,"column":8},"end":{"line":27,"column":37}},"type":"if","locations":[{"start":{"line":27,"column":8},"end":{"line":27,"column":37}},{"start":{},"end":{}}],"line":27},"4":{"loc":{"start":{"line":39,"column":8},"end":{"line":39,"column":49}},"type":"if","locations":[{"start":{"line":39,"column":8},"end":{"line":39,"column":49}},{"start":{},"end":{}}],"line":39},"5":{"loc":{"start":{"line":42,"column":8},"end":{"line":42,"column":37}},"type":"if","locations":[{"start":{"line":42,"column":8},"end":{"line":42,"column":37}},{"start":{},"end":{}}],"line":42},"6":{"loc":{"start":{"line":53,"column":16},"end":{"line":58,"column":17}},"type":"if","locations":[{"start":{"line":53,"column":16},"end":{"line":58,"column":17}},{"start":{"line":56,"column":23},"end":{"line":58,"column":17}}],"line":53},"7":{"loc":{"start":{"line":78,"column":8},"end":{"line":78,"column":30}},"type":"if","locations":[{"start":{"line":78,"column":8},"end":{"line":78,"column":30}},{"start":{},"end":{}}],"line":78},"8":{"loc":{"start":{"line":84,"column":12},"end":{"line":86,"column":13}},"type":"if","locations":[{"start":{"line":84,"column":12},"end":{"line":86,"column":13}},{"start":{},"end":{}}],"line":84},"9":{"loc":{"start":{"line":101,"column":8},"end":{"line":101,"column":51}},"type":"if","locations":[{"start":{"line":101,"column":8},"end":{"line":101,"column":51}},{"start":{},"end":{}}],"line":101},"10":{"loc":{"start":{"line":103,"column":12},"end":{"line":106,"column":13}},"type":"if","locations":[{"start":{"line":103,"column":12},"end":{"line":106,"column":13}},{"start":{},"end":{}}],"line":103},"11":{"loc":{"start":{"line":103,"column":16},"end":{"line":103,"column":77}},"type":"binary-expr","locations":[{"start":{"line":103,"column":16},"end":{"line":103,"column":47}},{"start":{"line":103,"column":51},"end":{"line":103,"column":77}}],"line":103},"12":{"loc":{"start":{"line":109,"column":8},"end":{"line":109,"column":56}},"type":"if","locations":[{"start":{"line":109,"column":8},"end":{"line":109,"column":56}},{"start":{},"end":{}}],"line":109},"13":{"loc":{"start":{"line":113,"column":8},"end":{"line":115,"column":9}},"type":"if","locations":[{"start":{"line":113,"column":8},"end":{"line":115,"column":9}},{"start":{},"end":{}}],"line":113},"14":{"loc":{"start":{"line":113,"column":12},"end":{"line":113,"column":49}},"type":"binary-expr","locations":[{"start":{"line":113,"column":12},"end":{"line":113,"column":31}},{"start":{"line":113,"column":35},"end":{"line":113,"column":49}}],"line":113},"15":{"loc":{"start":{"line":124,"column":12},"end":{"line":131,"column":13}},"type":"if","locations":[{"start":{"line":124,"column":12},"end":{"line":131,"column":13}},{"start":{},"end":{}}],"line":124},"16":{"loc":{"start":{"line":152,"column":23},"end":{"line":152,"column":34}},"type":"default-arg","locations":[{"start":{"line":152,"column":30},"end":{"line":152,"column":34}}],"line":152}},"s":{"0":23,"1":23,"2":82,"3":82,"4":82,"5":13,"6":6,"7":7,"8":7,"9":7,"10":11,"11":7,"12":4,"13":1,"14":3,"15":3,"16":2,"17":1,"18":1,"19":2,"20":2,"21":4,"22":1,"23":3,"24":3,"25":2,"26":1,"27":1,"28":1,"29":1,"30":5,"31":5,"32":18,"33":2,"34":2,"35":16,"36":5,"37":1,"38":4,"39":2,"40":2,"41":2,"42":2,"43":2,"44":6,"45":1,"46":5,"47":1,"48":4,"49":4,"50":1,"51":4,"52":4,"53":4,"54":1,"55":3,"56":11,"57":1,"58":1,"59":11,"60":3,"61":2,"62":0,"63":0,"64":0,"65":0,"66":0,"67":1,"68":1,"69":3,"70":3,"71":3,"72":3,"73":3,"74":3,"75":3,"76":3,"77":0,"78":0,"79":0,"80":0,"81":0,"82":0,"83":83,"84":83,"85":1,"86":22,"87":22,"88":22,"89":79,"90":22,"91":1},"f":{"0":23,"1":82,"2":13,"3":4,"4":2,"5":4,"6":1,"7":4,"8":4,"9":0,"10":1,"11":0,"12":83,"13":22},"b":{"0":[6,7],"1":[13,10],"2":[1,3],"3":[2,1],"4":[1,3],"5":[2,1],"6":[2,16],"7":[2,2],"8":[1,5],"9":[1,3],"10":[1,10],"11":[11,2],"12":[2,1],"13":[0,0],"14":[0,0],"15":[3,0],"16":[0]},"_coverageSchema":"1a1c01bbd47fc00a2c39e90264f33305004495a9","hash":"a5c8d5fbfa94a440e69cf824fb7e5e2331050110"}
}
