{"/Users/jennychau/Development/green/linkedlists/LinkedList.js": {"path":"/Users/jennychau/Development/green/linkedlists/LinkedList.js","statementMap":{"0":{"start":{"line":3,"column":8},"end":{"line":3,"column":24}},"1":{"start":{"line":4,"column":8},"end":{"line":4,"column":23}},"2":{"start":{"line":8,"column":24},"end":{"line":8,"column":59}},"3":{"start":{"line":9,"column":8},"end":{"line":9,"column":27}},"4":{"start":{"line":10,"column":8},"end":{"line":10,"column":21}},"5":{"start":{"line":14,"column":8},"end":{"line":14,"column":58}},"6":{"start":{"line":14,"column":47},"end":{"line":14,"column":58}},"7":{"start":{"line":16,"column":22},"end":{"line":16,"column":31}},"8":{"start":{"line":17,"column":8},"end":{"line":19,"column":9}},"9":{"start":{"line":17,"column":21},"end":{"line":17,"column":22}},"10":{"start":{"line":18,"column":12},"end":{"line":18,"column":34}},"11":{"start":{"line":20,"column":8},"end":{"line":20,"column":22}},"12":{"start":{"line":24,"column":8},"end":{"line":24,"column":56}},"13":{"start":{"line":24,"column":25},"end":{"line":24,"column":56}},"14":{"start":{"line":26,"column":21},"end":{"line":26,"column":47}},"15":{"start":{"line":27,"column":8},"end":{"line":27,"column":37}},"16":{"start":{"line":27,"column":26},"end":{"line":27,"column":37}},"17":{"start":{"line":29,"column":8},"end":{"line":29,"column":56}},"18":{"start":{"line":30,"column":8},"end":{"line":30,"column":21}},"19":{"start":{"line":34,"column":8},"end":{"line":34,"column":34}},"20":{"start":{"line":35,"column":8},"end":{"line":35,"column":21}},"21":{"start":{"line":39,"column":8},"end":{"line":39,"column":49}},"22":{"start":{"line":39,"column":25},"end":{"line":39,"column":49}},"23":{"start":{"line":41,"column":21},"end":{"line":41,"column":47}},"24":{"start":{"line":42,"column":8},"end":{"line":42,"column":37}},"25":{"start":{"line":42,"column":26},"end":{"line":42,"column":37}},"26":{"start":{"line":44,"column":8},"end":{"line":44,"column":34}},"27":{"start":{"line":45,"column":8},"end":{"line":45,"column":21}},"28":{"start":{"line":49,"column":22},"end":{"line":49,"column":31}},"29":{"start":{"line":50,"column":8},"end":{"line":61,"column":9}},"30":{"start":{"line":51,"column":25},"end":{"line":51,"column":32}},"31":{"start":{"line":52,"column":12},"end":{"line":59,"column":13}},"32":{"start":{"line":53,"column":16},"end":{"line":58,"column":17}},"33":{"start":{"line":54,"column":20},"end":{"line":54,"column":51}},"34":{"start":{"line":55,"column":20},"end":{"line":55,"column":33}},"35":{"start":{"line":57,"column":20},"end":{"line":57,"column":41}},"36":{"start":{"line":60,"column":12},"end":{"line":60,"column":35}},"37":{"start":{"line":62,"column":8},"end":{"line":62,"column":19}},"38":{"start":{"line":78,"column":8},"end":{"line":78,"column":30}},"39":{"start":{"line":78,"column":19},"end":{"line":78,"column":30}},"40":{"start":{"line":80,"column":17},"end":{"line":80,"column":26}},"41":{"start":{"line":81,"column":17},"end":{"line":81,"column":26}},"42":{"start":{"line":83,"column":8},"end":{"line":88,"column":9}},"43":{"start":{"line":83,"column":21},"end":{"line":83,"column":22}},"44":{"start":{"line":84,"column":12},"end":{"line":86,"column":13}},"45":{"start":{"line":85,"column":16},"end":{"line":85,"column":28}},"46":{"start":{"line":87,"column":12},"end":{"line":87,"column":25}},"47":{"start":{"line":90,"column":8},"end":{"line":93,"column":9}},"48":{"start":{"line":91,"column":12},"end":{"line":91,"column":25}},"49":{"start":{"line":92,"column":12},"end":{"line":92,"column":25}},"50":{"start":{"line":95,"column":8},"end":{"line":95,"column":23}},"51":{"start":{"line":99,"column":21},"end":{"line":99,"column":23}},"52":{"start":{"line":100,"column":22},"end":{"line":100,"column":31}},"53":{"start":{"line":101,"column":8},"end":{"line":104,"column":9}},"54":{"start":{"line":102,"column":12},"end":{"line":102,"column":52}},"55":{"start":{"line":103,"column":12},"end":{"line":103,"column":34}},"56":{"start":{"line":105,"column":8},"end":{"line":105,"column":36}},"57":{"start":{"line":112,"column":8},"end":{"line":112,"column":26}},"58":{"start":{"line":113,"column":8},"end":{"line":113,"column":24}},"59":{"start":{"line":118,"column":0},"end":{"line":124,"column":1}},"60":{"start":{"line":119,"column":15},"end":{"line":119,"column":31}},"61":{"start":{"line":120,"column":4},"end":{"line":122,"column":5}},"62":{"start":{"line":120,"column":17},"end":{"line":120,"column":34}},"63":{"start":{"line":121,"column":8},"end":{"line":121,"column":34}},"64":{"start":{"line":123,"column":4},"end":{"line":123,"column":13}},"65":{"start":{"line":126,"column":0},"end":{"line":126,"column":27}}},"fnMap":{"0":{"name":"(anonymous_0)","decl":{"start":{"line":2,"column":4},"end":{"line":2,"column":5}},"loc":{"start":{"line":2,"column":18},"end":{"line":5,"column":5}},"line":2},"1":{"name":"(anonymous_1)","decl":{"start":{"line":7,"column":4},"end":{"line":7,"column":5}},"loc":{"start":{"line":7,"column":23},"end":{"line":11,"column":5}},"line":7},"2":{"name":"(anonymous_2)","decl":{"start":{"line":13,"column":4},"end":{"line":13,"column":5}},"loc":{"start":{"line":13,"column":22},"end":{"line":21,"column":5}},"line":13},"3":{"name":"(anonymous_3)","decl":{"start":{"line":23,"column":4},"end":{"line":23,"column":5}},"loc":{"start":{"line":23,"column":32},"end":{"line":31,"column":5}},"line":23},"4":{"name":"(anonymous_4)","decl":{"start":{"line":33,"column":4},"end":{"line":33,"column":5}},"loc":{"start":{"line":33,"column":17},"end":{"line":36,"column":5}},"line":33},"5":{"name":"(anonymous_5)","decl":{"start":{"line":38,"column":4},"end":{"line":38,"column":5}},"loc":{"start":{"line":38,"column":25},"end":{"line":46,"column":5}},"line":38},"6":{"name":"(anonymous_6)","decl":{"start":{"line":48,"column":4},"end":{"line":48,"column":5}},"loc":{"start":{"line":48,"column":18},"end":{"line":63,"column":5}},"line":48},"7":{"name":"(anonymous_7)","decl":{"start":{"line":76,"column":4},"end":{"line":76,"column":5}},"loc":{"start":{"line":76,"column":15},"end":{"line":96,"column":5}},"line":76},"8":{"name":"(anonymous_8)","decl":{"start":{"line":98,"column":4},"end":{"line":98,"column":5}},"loc":{"start":{"line":98,"column":12},"end":{"line":106,"column":5}},"line":98},"9":{"name":"(anonymous_9)","decl":{"start":{"line":111,"column":4},"end":{"line":111,"column":5}},"loc":{"start":{"line":111,"column":29},"end":{"line":114,"column":5}},"line":111},"10":{"name":"(anonymous_10)","decl":{"start":{"line":118,"column":24},"end":{"line":118,"column":25}},"loc":{"start":{"line":118,"column":45},"end":{"line":124,"column":1}},"line":118}},"branchMap":{"0":{"loc":{"start":{"line":14,"column":8},"end":{"line":14,"column":58}},"type":"if","locations":[{"start":{"line":14,"column":8},"end":{"line":14,"column":58}},{"start":{},"end":{}}],"line":14},"1":{"loc":{"start":{"line":14,"column":12},"end":{"line":14,"column":45}},"type":"binary-expr","locations":[{"start":{"line":14,"column":12},"end":{"line":14,"column":21}},{"start":{"line":14,"column":25},"end":{"line":14,"column":45}}],"line":14},"2":{"loc":{"start":{"line":24,"column":8},"end":{"line":24,"column":56}},"type":"if","locations":[{"start":{"line":24,"column":8},"end":{"line":24,"column":56}},{"start":{},"end":{}}],"line":24},"3":{"loc":{"start":{"line":27,"column":8},"end":{"line":27,"column":37}},"type":"if","locations":[{"start":{"line":27,"column":8},"end":{"line":27,"column":37}},{"start":{},"end":{}}],"line":27},"4":{"loc":{"start":{"line":39,"column":8},"end":{"line":39,"column":49}},"type":"if","locations":[{"start":{"line":39,"column":8},"end":{"line":39,"column":49}},{"start":{},"end":{}}],"line":39},"5":{"loc":{"start":{"line":42,"column":8},"end":{"line":42,"column":37}},"type":"if","locations":[{"start":{"line":42,"column":8},"end":{"line":42,"column":37}},{"start":{},"end":{}}],"line":42},"6":{"loc":{"start":{"line":53,"column":16},"end":{"line":58,"column":17}},"type":"if","locations":[{"start":{"line":53,"column":16},"end":{"line":58,"column":17}},{"start":{"line":56,"column":23},"end":{"line":58,"column":17}}],"line":53},"7":{"loc":{"start":{"line":78,"column":8},"end":{"line":78,"column":30}},"type":"if","locations":[{"start":{"line":78,"column":8},"end":{"line":78,"column":30}},{"start":{},"end":{}}],"line":78},"8":{"loc":{"start":{"line":84,"column":12},"end":{"line":86,"column":13}},"type":"if","locations":[{"start":{"line":84,"column":12},"end":{"line":86,"column":13}},{"start":{},"end":{}}],"line":84}},"s":{"0":18,"1":18,"2":55,"3":55,"4":55,"5":12,"6":6,"7":6,"8":6,"9":6,"10":7,"11":6,"12":4,"13":1,"14":3,"15":3,"16":2,"17":1,"18":1,"19":2,"20":2,"21":4,"22":1,"23":3,"24":3,"25":2,"26":1,"27":1,"28":1,"29":1,"30":5,"31":5,"32":18,"33":2,"34":2,"35":16,"36":5,"37":1,"38":4,"39":2,"40":2,"41":2,"42":2,"43":2,"44":6,"45":1,"46":5,"47":1,"48":4,"49":4,"50":1,"51":0,"52":0,"53":0,"54":0,"55":0,"56":0,"57":56,"58":56,"59":1,"60":17,"61":17,"62":17,"63":52,"64":17,"65":1},"f":{"0":18,"1":55,"2":12,"3":4,"4":2,"5":4,"6":1,"7":4,"8":0,"9":56,"10":17},"b":{"0":[6,6],"1":[12,9],"2":[1,3],"3":[2,1],"4":[1,3],"5":[2,1],"6":[2,16],"7":[2,2],"8":[1,5]},"_coverageSchema":"1a1c01bbd47fc00a2c39e90264f33305004495a9","hash":"d9b2dc6ba49ae981e0a937145d061e9fba3f5e60"}
}
