TN:
SF:LinkedList.js
FN:2,(anonymous_0)
FN:7,(anonymous_1)
FN:13,(anonymous_2)
FN:23,(anonymous_3)
FN:33,(anonymous_4)
FN:38,(anonymous_5)
FN:48,(anonymous_6)
FN:64,(anonymous_7)
FN:77,(anonymous_8)
FN:84,(anonymous_9)
FNF:10
FNH:9
FNDA:15,(anonymous_0)
FNDA:44,(anonymous_1)
FNDA:12,(anonymous_2)
FNDA:4,(anonymous_3)
FNDA:2,(anonymous_4)
FNDA:4,(anonymous_5)
FNDA:1,(anonymous_6)
FNDA:0,(anonymous_7)
FNDA:45,(anonymous_8)
FNDA:14,(anonymous_9)
DA:3,15
DA:4,15
DA:8,44
DA:9,44
DA:10,44
DA:14,12
DA:16,6
DA:17,6
DA:18,7
DA:20,6
DA:24,4
DA:26,3
DA:27,3
DA:29,1
DA:30,1
DA:34,2
DA:35,2
DA:39,4
DA:41,3
DA:42,3
DA:44,1
DA:45,1
DA:49,1
DA:50,1
DA:51,5
DA:52,5
DA:53,18
DA:54,2
DA:56,16
DA:59,5
DA:65,0
DA:66,0
DA:67,0
DA:68,0
DA:69,0
DA:71,0
DA:78,45
DA:79,45
DA:84,1
DA:85,14
DA:86,14
DA:87,41
DA:89,14
DA:92,1
LF:44
LH:38
BRDA:14,0,0,6
BRDA:14,0,1,6
BRDA:14,1,0,12
BRDA:14,1,1,9
BRDA:24,2,0,1
BRDA:24,2,1,3
BRDA:27,3,0,2
BRDA:27,3,1,1
BRDA:39,4,0,1
BRDA:39,4,1,3
BRDA:42,5,0,2
BRDA:42,5,1,1
BRDA:53,6,0,2
BRDA:53,6,1,16
BRF:14
BRH:14
end_of_record
