TN:
SF:LinkedList.js
FN:2,(anonymous_0)
FN:7,(anonymous_1)
FN:13,(anonymous_2)
FN:23,(anonymous_3)
FN:33,(anonymous_4)
FN:38,(anonymous_5)
FN:48,(anonymous_6)
FN:76,(anonymous_7)
FN:98,(anonymous_8)
FN:113,(anonymous_9)
FN:126,(anonymous_10)
FN:133,(anonymous_11)
FNF:12
FNH:11
FNDA:21,(anonymous_0)
FNDA:70,(anonymous_1)
FNDA:12,(anonymous_2)
FNDA:4,(anonymous_3)
FNDA:2,(anonymous_4)
FNDA:4,(anonymous_5)
FNDA:1,(anonymous_6)
FNDA:4,(anonymous_7)
FNDA:4,(anonymous_8)
FNDA:0,(anonymous_9)
FNDA:71,(anonymous_10)
FNDA:20,(anonymous_11)
DA:3,21
DA:4,21
DA:8,70
DA:9,70
DA:10,70
DA:14,12
DA:16,6
DA:17,6
DA:18,7
DA:20,6
DA:24,4
DA:26,3
DA:27,3
DA:29,1
DA:30,1
DA:34,2
DA:35,2
DA:39,4
DA:41,3
DA:42,3
DA:44,1
DA:45,1
DA:49,1
DA:50,1
DA:51,5
DA:52,5
DA:53,18
DA:54,2
DA:55,2
DA:57,16
DA:60,5
DA:62,1
DA:78,4
DA:80,2
DA:81,2
DA:83,2
DA:84,6
DA:85,1
DA:87,5
DA:90,1
DA:91,4
DA:92,4
DA:95,1
DA:99,4
DA:100,4
DA:101,4
DA:102,3
DA:103,11
DA:104,1
DA:105,1
DA:107,11
DA:109,3
DA:114,0
DA:115,0
DA:116,0
DA:117,0
DA:118,0
DA:120,0
DA:127,71
DA:128,71
DA:133,1
DA:134,20
DA:135,20
DA:136,67
DA:138,20
DA:141,1
LF:66
LH:60
BRDA:14,0,0,6
BRDA:14,0,1,6
BRDA:14,1,0,12
BRDA:14,1,1,9
BRDA:24,2,0,1
BRDA:24,2,1,3
BRDA:27,3,0,2
BRDA:27,3,1,1
BRDA:39,4,0,1
BRDA:39,4,1,3
BRDA:42,5,0,2
BRDA:42,5,1,1
BRDA:53,6,0,2
BRDA:53,6,1,16
BRDA:78,7,0,2
BRDA:78,7,1,2
BRDA:84,8,0,1
BRDA:84,8,1,5
BRDA:101,9,0,1
BRDA:101,9,1,3
BRDA:103,10,0,1
BRDA:103,10,1,10
BRDA:103,11,0,11
BRDA:103,11,1,2
BRDA:109,12,0,2
BRDA:109,12,1,1
BRF:26
BRH:26
end_of_record
